#
# There is insufficient memory for the Java Runtime Environment to continue.
# Native memory allocation (malloc) failed to allocate 77392 bytes for Chunk::new
# Possible reasons:
#   The system is out of physical RAM or swap space
#   The process is running with CompressedOops enabled, and the Java Heap may be blocking the growth of the native heap
# Possible solutions:
#   Reduce memory load on the system
#   Increase physical memory or swap space
#   Check if swap backing store is full
#   Decrease Java heap size (-Xmx/-Xms)
#   Decrease number of Java threads
#   Decrease Java thread stack sizes (-Xss)
#   Set larger code cache with -XX:ReservedCodeCacheSize=
#   JVM is running with Zero Based Compressed Oops mode in which the Java heap is
#     placed in the first 32GB address space. The Java Heap base address is the
#     maximum limit for the native heap growth. Please use -XX:HeapBaseMinAddress
#     to set the Java Heap base and to place the Java Heap above 32GB virtual address.
# This output file may be truncated or incomplete.
#
#  Out of Memory Error (t:/workspace/open/src/hotspot/share/memory/arena.cpp:197), pid=5296, tid=3912
#
# JRE version: Java(TM) SE Runtime Environment (12.0.2+10) (build 12.0.2+10)
# Java VM: Java HotSpot(TM) 64-Bit Server VM (12.0.2+10, mixed mode, sharing, tiered, compressed oops, g1 gc, windows-amd64)
# No core dump will be written. Minidumps are not enabled by default on client versions of Windows
#

---------------  S U M M A R Y ------------

Command Line: -Dcom.sun.management.jmxremote -Dcom.sun.management.jmxremote.port=57792 -Dcom.sun.management.jmxremote.authenticate=false -Dcom.sun.management.jmxremote.ssl=false -Djava.rmi.server.hostname=localhost -Dspring.jmx.enabled=true -Dspring.application.admin.enabled=true -XX:TieredStopAtLevel=1 -Dspring.boot.project.name=Product-Service -Dfile.encoding=UTF-8 com.product.service.app.ProductServiceApplication --spring.output.ansi.enabled=always

Host: Intel(R) Core(TM) i7-10750H CPU @ 2.60GHz, 12 cores, 31G,  Windows 10 , 64 bit Build 19041 (10.0.19041.928)
Time: Thu Jun 17 12:56:57 2021 Hora de verano romance elapsed time: 5 seconds (0d 0h 0m 5s)

---------------  T H R E A D  ---------------

Current thread (0x0000025f35adf800):  JavaThread "restartedMain" [_thread_in_vm, id=3912, stack(0x000000edc9400000,0x000000edc9500000)]

Stack: [0x000000edc9400000,0x000000edc9500000]
Native frames: (J=compiled Java code, j=interpreted, Vv=VM code, C=native code)
V  [jvm.dll+0x63aa2a]
V  [jvm.dll+0x78ce1e]
V  [jvm.dll+0x78e4c1]
V  [jvm.dll+0x78eb13]
V  [jvm.dll+0x2627e8]
V  [jvm.dll+0xc55cc]
V  [jvm.dll+0xc5b4c]
V  [jvm.dll+0x1e9c9d]
V  [jvm.dll+0x1e90d1]
V  [jvm.dll+0x716cce]
V  [jvm.dll+0x7180ec]
V  [jvm.dll+0x7185ed]
V  [jvm.dll+0x718433]
V  [jvm.dll+0x416764]
V  [jvm.dll+0x41e994]
C  [java.dll+0x1399]

Java frames: (J=compiled Java code, j=interpreted, Vv=VM code)
J 1225  java.lang.Class.forName0(Ljava/lang/String;ZLjava/lang/ClassLoader;Ljava/lang/Class;)Ljava/lang/Class; java.base@12.0.2 (0 bytes) @ 0x0000025f0f382077 [0x0000025f0f381fe0+0x0000000000000097]
J 998 c1 java.lang.Class.forName(Ljava/lang/String;ZLjava/lang/ClassLoader;)Ljava/lang/Class; java.base@12.0.2 (47 bytes) @ 0x0000025f0f3176dc [0x0000025f0f3175e0+0x00000000000000fc]
j  sun.nio.cs.StandardCharsets.lookup(Ljava/lang/String;)Ljava/nio/charset/Charset;+126 java.base@12.0.2
j  sun.nio.cs.StandardCharsets.charsetForName(Ljava/lang/String;)Ljava/nio/charset/Charset;+6 java.base@12.0.2
j  java.nio.charset.Charset.lookup2(Ljava/lang/String;)Ljava/nio/charset/Charset;+39 java.base@12.0.2
J 951 c1 java.nio.charset.Charset.lookup(Ljava/lang/String;)Ljava/nio/charset/Charset; java.base@12.0.2 (44 bytes) @ 0x0000025f0f2fd5fc [0x0000025f0f2fd580+0x000000000000007c]
J 1130 c1 java.nio.charset.Charset.forName(Ljava/lang/String;)Ljava/nio/charset/Charset; java.base@12.0.2 (20 bytes) @ 0x0000025f0f3580fc [0x0000025f0f3580e0+0x000000000000001c]
j  com.mysql.cj.MysqlCharset.<init>(Ljava/lang/String;II[Ljava/lang/String;Lcom/mysql/cj/ServerVersion;)V+50
j  com.mysql.cj.MysqlCharset.<init>(Ljava/lang/String;II[Ljava/lang/String;)V+16
j  com.mysql.cj.CharsetMapping.<clinit>()V+79
v  ~StubRoutines::call_stub
j  com.mysql.cj.protocol.AuthenticationProvider.getCharsetForHandshake(Ljava/lang/String;Lcom/mysql/cj/ServerVersion;)B+8
j  com.mysql.cj.protocol.a.NativeProtocol.negotiateSSLConnection(I)V+103
j  com.mysql.cj.protocol.a.NativeAuthenticationProvider.negotiateSSLConnection(I)V+5
j  com.mysql.cj.protocol.a.NativeAuthenticationProvider.proceedHandshakeWithPluggableAuthentication(Lcom/mysql/cj/protocol/ServerSession;Ljava/lang/String;Ljava/lang/String;Ljava/lang/String;Lcom/mysql/cj/protocol/a/NativePacketPayload;)V+353
j  com.mysql.cj.protocol.a.NativeAuthenticationProvider.connect(Lcom/mysql/cj/protocol/ServerSession;Ljava/lang/String;Ljava/lang/String;Ljava/lang/String;)V+600
j  com.mysql.cj.protocol.a.NativeProtocol.connect(Ljava/lang/String;Ljava/lang/String;Ljava/lang/String;)V+15
j  com.mysql.cj.NativeSession.connect(Lcom/mysql/cj/conf/HostInfo;Ljava/lang/String;Ljava/lang/String;Ljava/lang/String;ILcom/mysql/cj/TransactionEventHandler;)V+110
j  com.mysql.cj.jdbc.ConnectionImpl.connectOneTryOnly(Z)V+35
j  com.mysql.cj.jdbc.ConnectionImpl.createNewIO(Z)V+27
j  com.mysql.cj.jdbc.ConnectionImpl.<init>(Lcom/mysql/cj/conf/HostInfo;)V+815
j  com.mysql.cj.jdbc.ConnectionImpl.getInstance(Lcom/mysql/cj/conf/HostInfo;)Lcom/mysql/cj/jdbc/JdbcConnection;+5
j  com.mysql.cj.jdbc.NonRegisteringDriver.connect(Ljava/lang/String;Ljava/util/Properties;)Ljava/sql/Connection;+60
j  com.zaxxer.hikari.util.DriverDataSource.getConnection(Ljava/lang/String;Ljava/lang/String;)Ljava/sql/Connection;+61
j  com.zaxxer.hikari.pool.PoolBase.newConnection()Ljava/sql/Connection;+49
j  com.zaxxer.hikari.pool.PoolBase.newPoolEntry()Lcom/zaxxer/hikari/pool/PoolEntry;+5
j  com.zaxxer.hikari.pool.HikariPool.createPoolEntry()Lcom/zaxxer/hikari/pool/PoolEntry;+1
j  com.zaxxer.hikari.pool.HikariPool.checkFailFast()V+20
j  com.zaxxer.hikari.pool.HikariPool.<init>(Lcom/zaxxer/hikari/HikariConfig;)V+128
j  com.zaxxer.hikari.HikariDataSource.getConnection()Ljava/sql/Connection;+100
j  com.zaxxer.hikari.HikariDataSource$$FastClassBySpringCGLIB$$eeb1ae86.invoke(ILjava/lang/Object;[Ljava/lang/Object;)Ljava/lang/Object;+419
j  org.springframework.cglib.proxy.MethodProxy.invoke(Ljava/lang/Object;[Ljava/lang/Object;)Ljava/lang/Object;+19
j  org.springframework.aop.framework.CglibAopProxy$CglibMethodInvocation.invokeJoinpoint()Ljava/lang/Object;+19
j  org.springframework.aop.framework.ReflectiveMethodInvocation.proceed()Ljava/lang/Object;+19
j  org.springframework.aop.support.DelegatingIntroductionInterceptor.doProceed(Lorg/aopalliance/intercept/MethodInvocation;)Ljava/lang/Object;+1
j  org.springframework.aop.support.DelegatingIntroductionInterceptor.invoke(Lorg/aopalliance/intercept/MethodInvocation;)Ljava/lang/Object;+75
j  org.springframework.aop.framework.ReflectiveMethodInvocation.proceed()Ljava/lang/Object;+120
j  org.springframework.aop.framework.CglibAopProxy$DynamicAdvisedInterceptor.intercept(Ljava/lang/Object;Ljava/lang/reflect/Method;[Ljava/lang/Object;Lorg/springframework/cglib/proxy/MethodProxy;)Ljava/lang/Object;+133
j  com.zaxxer.hikari.HikariDataSource$$EnhancerBySpringCGLIB$$91258f57.getConnection()Ljava/sql/Connection;+31
j  org.springframework.jdbc.datasource.DataSourceUtils.fetchConnection(Ljavax/sql/DataSource;)Ljava/sql/Connection;+1
j  org.springframework.jdbc.datasource.DataSourceUtils.doGetConnection(Ljavax/sql/DataSource;)Ljava/sql/Connection;+77
j  org.springframework.jdbc.datasource.DataSourceUtils.getConnection(Ljavax/sql/DataSource;)Ljava/sql/Connection;+1
j  org.springframework.jdbc.support.JdbcUtils.extractDatabaseMetaData(Ljavax/sql/DataSource;Lorg/springframework/jdbc/support/DatabaseMetaDataCallback;)Ljava/lang/Object;+3
j  org.springframework.jdbc.support.JdbcUtils.extractDatabaseMetaData(Ljavax/sql/DataSource;Ljava/lang/String;)Ljava/lang/Object;+7
j  org.springframework.boot.autoconfigure.orm.jpa.DatabaseLookup.getDatabase(Ljavax/sql/DataSource;)Lorg/springframework/orm/jpa/vendor/Database;+11
j  org.springframework.boot.autoconfigure.orm.jpa.JpaProperties.determineDatabase(Ljavax/sql/DataSource;)Lorg/springframework/orm/jpa/vendor/Database;+13
j  org.springframework.boot.autoconfigure.orm.jpa.JpaBaseConfiguration.jpaVendorAdapter()Lorg/springframework/orm/jpa/JpaVendorAdapter;+25
j  org.springframework.boot.autoconfigure.orm.jpa.HibernateJpaConfiguration$$EnhancerBySpringCGLIB$$22a6b768.CGLIB$jpaVendorAdapter$6()Lorg/springframework/orm/jpa/JpaVendorAdapter;+1
j  org.springframework.boot.autoconfigure.orm.jpa.HibernateJpaConfiguration$$EnhancerBySpringCGLIB$$22a6b768$$FastClassBySpringCGLIB$$c5fdd6fb.invoke(ILjava/lang/Object;[Ljava/lang/Object;)Ljava/lang/Object;+222
j  org.springframework.cglib.proxy.MethodProxy.invokeSuper(Ljava/lang/Object;[Ljava/lang/Object;)Ljava/lang/Object;+19
j  org.springframework.context.annotation.ConfigurationClassEnhancer$BeanMethodInterceptor.intercept(Ljava/lang/Object;Ljava/lang/reflect/Method;[Ljava/lang/Object;Lorg/springframework/cglib/proxy/MethodProxy;)Ljava/lang/Object;+207
j  org.springframework.boot.autoconfigure.orm.jpa.HibernateJpaConfiguration$$EnhancerBySpringCGLIB$$22a6b768.jpaVendorAdapter()Lorg/springframework/orm/jpa/JpaVendorAdapter;+31
v  ~StubRoutines::call_stub
J 2517  jdk.internal.reflect.NativeMethodAccessorImpl.invoke0(Ljava/lang/reflect/Method;Ljava/lang/Object;[Ljava/lang/Object;)Ljava/lang/Object; java.base@12.0.2 (0 bytes) @ 0x0000025f0f5bbbef [0x0000025f0f5bbb60+0x000000000000008f]
J 2516 c1 jdk.internal.reflect.NativeMethodAccessorImpl.invoke(Ljava/lang/Object;[Ljava/lang/Object;)Ljava/lang/Object; java.base@12.0.2 (104 bytes) @ 0x0000025f0f5be844 [0x0000025f0f5be440+0x0000000000000404]
J 1942 c1 jdk.internal.reflect.DelegatingMethodAccessorImpl.invoke(Ljava/lang/Object;[Ljava/lang/Object;)Ljava/lang/Object; java.base@12.0.2 (10 bytes) @ 0x0000025f0f4ae024 [0x0000025f0f4adfc0+0x0000000000000064]
J 1943 c1 java.lang.reflect.Method.invoke(Ljava/lang/Object;[Ljava/lang/Object;)Ljava/lang/Object; java.base@12.0.2 (65 bytes) @ 0x0000025f0f4ae4b4 [0x0000025f0f4ae380+0x0000000000000134]
j  org.springframework.beans.factory.support.SimpleInstantiationStrategy.instantiate(Lorg/springframework/beans/factory/support/RootBeanDefinition;Ljava/lang/String;Lorg/springframework/beans/factory/BeanFactory;Ljava/lang/Object;Ljava/lang/reflect/Method;[Ljava/lang/Object;)Ljava/lang/Object;+50
j  org.springframework.beans.factory.support.ConstructorResolver.instantiate(Ljava/lang/String;Lorg/springframework/beans/factory/support/RootBeanDefinition;Ljava/lang/Object;Ljava/lang/reflect/Method;[Ljava/lang/Object;)Ljava/lang/Object;+48
j  org.springframework.beans.factory.support.ConstructorResolver.instantiateUsingFactoryMethod(Ljava/lang/String;Lorg/springframework/beans/factory/support/RootBeanDefinition;[Ljava/lang/Object;)Lorg/springframework/beans/BeanWrapper;+439
j  org.springframework.beans.factory.support.AbstractAutowireCapableBeanFactory.instantiateUsingFactoryMethod(Ljava/lang/String;Lorg/springframework/beans/factory/support/RootBeanDefinition;[Ljava/lang/Object;)Lorg/springframework/beans/BeanWrapper;+11
j  org.springframework.beans.factory.support.AbstractAutowireCapableBeanFactory.createBeanInstance(Ljava/lang/String;Lorg/springframework/beans/factory/support/RootBeanDefinition;[Ljava/lang/Object;)Lorg/springframework/beans/BeanWrapper;+101
j  org.springframework.beans.factory.support.AbstractAutowireCapableBeanFactory.doCreateBean(Ljava/lang/String;Lorg/springframework/beans/factory/support/RootBeanDefinition;[Ljava/lang/Object;)Ljava/lang/Object;+34
j  org.springframework.beans.factory.support.AbstractAutowireCapableBeanFactory.createBean(Ljava/lang/String;Lorg/springframework/beans/factory/support/RootBeanDefinition;[Ljava/lang/Object;)Ljava/lang/Object;+169
j  org.springframework.beans.factory.support.AbstractBeanFactory.lambda$doGetBean$0(Ljava/lang/String;Lorg/springframework/beans/factory/support/RootBeanDefinition;[Ljava/lang/Object;)Ljava/lang/Object;+4
j  org.springframework.beans.factory.support.AbstractBeanFactory$$Lambda$278.getObject()Ljava/lang/Object;+16
j  org.springframework.beans.factory.support.DefaultSingletonBeanRegistry.getSingleton(Ljava/lang/String;Lorg/springframework/beans/factory/ObjectFactory;)Ljava/lang/Object;+132
J 3136 c1 org.springframework.beans.factory.support.AbstractBeanFactory.doGetBean(Ljava/lang/String;Ljava/lang/Class;[Ljava/lang/Object;Z)Ljava/lang/Object; (833 bytes) @ 0x0000025f0f701cc4 [0x0000025f0f701640+0x0000000000000684]
j  org.springframework.beans.factory.support.AbstractBeanFactory.getBean(Ljava/lang/String;)Ljava/lang/Object;+5
j  org.springframework.beans.factory.config.DependencyDescriptor.resolveCandidate(Ljava/lang/String;Ljava/lang/Class;Lorg/springframework/beans/factory/BeanFactory;)Ljava/lang/Object;+2
j  org.springframework.beans.factory.support.DefaultListableBeanFactory.doResolveDependency(Lorg/springframework/beans/factory/config/DependencyDescriptor;Ljava/lang/String;Ljava/util/Set;Lorg/springframework/beans/TypeConverter;)Ljava/lang/Object;+440
j  org.springframework.beans.factory.support.DefaultListableBeanFactory.resolveDependency(Lorg/springframework/beans/factory/config/DependencyDescriptor;Ljava/lang/String;Ljava/util/Set;Lorg/springframework/beans/TypeConverter;)Ljava/lang/Object;+108
j  org.springframework.beans.factory.support.ConstructorResolver.resolveAutowiredArgument(Lorg/springframework/core/MethodParameter;Ljava/lang/String;Ljava/util/Set;Lorg/springframework/beans/TypeConverter;Z)Ljava/lang/Object;+79
j  org.springframework.beans.factory.support.ConstructorResolver.createArgumentArray(Ljava/lang/String;Lorg/springframework/beans/factory/support/RootBeanDefinition;Lorg/springframework/beans/factory/config/ConstructorArgumentValues;Lorg/springframework/beans/BeanWrapper;[Ljava/lang/Class;[Ljava/lang/String;Ljava/lang/reflect/Executable;ZZ)Lorg/springframework/beans/factory/support/ConstructorResolver$ArgumentsHolder;+434
j  org.springframework.beans.factory.support.ConstructorResolver.instantiateUsingFactoryMethod(Ljava/lang/String;Lorg/springframework/beans/factory/support/RootBeanDefinition;[Ljava/lang/Object;)Lorg/springframework/beans/BeanWrapper;+674
j  org.springframework.beans.factory.support.AbstractAutowireCapableBeanFactory.instantiateUsingFactoryMethod(Ljava/lang/String;Lorg/springframework/beans/factory/support/RootBeanDefinition;[Ljava/lang/Object;)Lorg/springframework/beans/BeanWrapper;+11
j  org.springframework.beans.factory.support.AbstractAutowireCapableBeanFactory.createBeanInstance(Ljava/lang/String;Lorg/springframework/beans/factory/support/RootBeanDefinition;[Ljava/lang/Object;)Lorg/springframework/beans/BeanWrapper;+101
j  org.springframework.beans.factory.support.AbstractAutowireCapableBeanFactory.doCreateBean(Ljava/lang/String;Lorg/springframework/beans/factory/support/RootBeanDefinition;[Ljava/lang/Object;)Ljava/lang/Object;+34
j  org.springframework.beans.factory.support.AbstractAutowireCapableBeanFactory.createBean(Ljava/lang/String;Lorg/springframework/beans/factory/support/RootBeanDefinition;[Ljava/lang/Object;)Ljava/lang/Object;+169
j  org.springframework.beans.factory.support.AbstractBeanFactory.lambda$doGetBean$0(Ljava/lang/String;Lorg/springframework/beans/factory/support/RootBeanDefinition;[Ljava/lang/Object;)Ljava/lang/Object;+4
j  org.springframework.beans.factory.support.AbstractBeanFactory$$Lambda$278.getObject()Ljava/lang/Object;+16
j  org.springframework.beans.factory.support.DefaultSingletonBeanRegistry.getSingleton(Ljava/lang/String;Lorg/springframework/beans/factory/ObjectFactory;)Ljava/lang/Object;+132
J 3136 c1 org.springframework.beans.factory.support.AbstractBeanFactory.doGetBean(Ljava/lang/String;Ljava/lang/Class;[Ljava/lang/Object;Z)Ljava/lang/Object; (833 bytes) @ 0x0000025f0f701cc4 [0x0000025f0f701640+0x0000000000000684]
j  org.springframework.beans.factory.support.AbstractBeanFactory.getBean(Ljava/lang/String;)Ljava/lang/Object;+5
j  org.springframework.beans.factory.config.DependencyDescriptor.resolveCandidate(Ljava/lang/String;Ljava/lang/Class;Lorg/springframework/beans/factory/BeanFactory;)Ljava/lang/Object;+2
j  org.springframework.beans.factory.support.DefaultListableBeanFactory.doResolveDependency(Lorg/springframework/beans/factory/config/DependencyDescriptor;Ljava/lang/String;Ljava/util/Set;Lorg/springframework/beans/TypeConverter;)Ljava/lang/Object;+440
j  org.springframework.beans.factory.support.DefaultListableBeanFactory.resolveDependency(Lorg/springframework/beans/factory/config/DependencyDescriptor;Ljava/lang/String;Ljava/util/Set;Lorg/springframework/beans/TypeConverter;)Ljava/lang/Object;+108
j  org.springframework.beans.factory.support.ConstructorResolver.resolveAutowiredArgument(Lorg/springframework/core/MethodParameter;Ljava/lang/String;Ljava/util/Set;Lorg/springframework/beans/TypeConverter;Z)Ljava/lang/Object;+79
j  org.springframework.beans.factory.support.ConstructorResolver.createArgumentArray(Ljava/lang/String;Lorg/springframework/beans/factory/support/RootBeanDefinition;Lorg/springframework/beans/factory/config/ConstructorArgumentValues;Lorg/springframework/beans/BeanWrapper;[Ljava/lang/Class;[Ljava/lang/String;Ljava/lang/reflect/Executable;ZZ)Lorg/springframework/beans/factory/support/ConstructorResolver$ArgumentsHolder;+434
j  org.springframework.beans.factory.support.ConstructorResolver.instantiateUsingFactoryMethod(Ljava/lang/String;Lorg/springframework/beans/factory/support/RootBeanDefinition;[Ljava/lang/Object;)Lorg/springframework/beans/BeanWrapper;+674
j  org.springframework.beans.factory.support.AbstractAutowireCapableBeanFactory.instantiateUsingFactoryMethod(Ljava/lang/String;Lorg/springframework/beans/factory/support/RootBeanDefinition;[Ljava/lang/Object;)Lorg/springframework/beans/BeanWrapper;+11
j  org.springframework.beans.factory.support.AbstractAutowireCapableBeanFactory.createBeanInstance(Ljava/lang/String;Lorg/springframework/beans/factory/support/RootBeanDefinition;[Ljava/lang/Object;)Lorg/springframework/beans/BeanWrapper;+101
j  org.springframework.beans.factory.support.AbstractAutowireCapableBeanFactory.doCreateBean(Ljava/lang/String;Lorg/springframework/beans/factory/support/RootBeanDefinition;[Ljava/lang/Object;)Ljava/lang/Object;+34
j  org.springframework.beans.factory.support.AbstractAutowireCapableBeanFactory.createBean(Ljava/lang/String;Lorg/springframework/beans/factory/support/RootBeanDefinition;[Ljava/lang/Object;)Ljava/lang/Object;+169
j  org.springframework.beans.factory.support.AbstractBeanFactory.lambda$doGetBean$0(Ljava/lang/String;Lorg/springframework/beans/factory/support/RootBeanDefinition;[Ljava/lang/Object;)Ljava/lang/Object;+4
j  org.springframework.beans.factory.support.AbstractBeanFactory$$Lambda$278.getObject()Ljava/lang/Object;+16
j  org.springframework.beans.factory.support.DefaultSingletonBeanRegistry.getSingleton(Ljava/lang/String;Lorg/springframework/beans/factory/ObjectFactory;)Ljava/lang/Object;+132
J 3136 c1 org.springframework.beans.factory.support.AbstractBeanFactory.doGetBean(Ljava/lang/String;Ljava/lang/Class;[Ljava/lang/Object;Z)Ljava/lang/Object; (833 bytes) @ 0x0000025f0f701cc4 [0x0000025f0f701640+0x0000000000000684]
j  org.springframework.beans.factory.support.AbstractBeanFactory.getBean(Ljava/lang/String;)Ljava/lang/Object;+5
j  org.springframework.context.support.AbstractApplicationContext.getBean(Ljava/lang/String;)Ljava/lang/Object;+9
j  org.springframework.context.support.AbstractApplicationContext.finishBeanFactoryInitialization(Lorg/springframework/beans/factory/config/ConfigurableListableBeanFactory;)V+100
j  org.springframework.context.support.AbstractApplicationContext.refresh()V+54
j  org.springframework.boot.web.servlet.context.ServletWebServerApplicationContext.refresh()V+1
j  org.springframework.boot.SpringApplication.refresh(Lorg/springframework/context/ApplicationContext;)V+10
j  org.springframework.boot.SpringApplication.refreshContext(Lorg/springframework/context/ConfigurableApplicationContext;)V+2
j  org.springframework.boot.SpringApplication.run([Ljava/lang/String;)Lorg/springframework/context/ConfigurableApplicationContext;+118
j  org.springframework.boot.SpringApplication.run([Ljava/lang/Class;[Ljava/lang/String;)Lorg/springframework/context/ConfigurableApplicationContext;+9
j  org.springframework.boot.SpringApplication.run(Ljava/lang/Class;[Ljava/lang/String;)Lorg/springframework/context/ConfigurableApplicationContext;+9
j  com.product.service.app.ProductServiceApplication.main([Ljava/lang/String;)V+3
v  ~StubRoutines::call_stub
j  jdk.internal.reflect.NativeMethodAccessorImpl.invoke0(Ljava/lang/reflect/Method;Ljava/lang/Object;[Ljava/lang/Object;)Ljava/lang/Object;+0 java.base@12.0.2
j  jdk.internal.reflect.NativeMethodAccessorImpl.invoke(Ljava/lang/Object;[Ljava/lang/Object;)Ljava/lang/Object;+100 java.base@12.0.2
j  jdk.internal.reflect.DelegatingMethodAccessorImpl.invoke(Ljava/lang/Object;[Ljava/lang/Object;)Ljava/lang/Object;+6 java.base@12.0.2
j  java.lang.reflect.Method.invoke(Ljava/lang/Object;[Ljava/lang/Object;)Ljava/lang/Object;+59 java.base@12.0.2
j  org.springframework.boot.devtools.restart.RestartLauncher.run()V+41
v  ~StubRoutines::call_stub

---------------  P R O C E S S  ---------------

Threads class SMR info:
_java_thread_list=0x0000025f37df2a80, length=22, elements={
0x0000025f0666c800, 0x0000025f33bfb800, 0x0000025f33bfd000, 0x0000025f3452d000,
0x0000025f3452e000, 0x0000025f34531000, 0x0000025f3453f800, 0x0000025f34627000,
0x0000025f3465f800, 0x0000025f34e29800, 0x0000025f34e18800, 0x0000025f34e0b800,
0x0000025f356c0800, 0x0000025f356f4000, 0x0000025f356ec000, 0x0000025f356fc000,
0x0000025f35810000, 0x0000025f35adf800, 0x0000025f37e4f800, 0x0000025f37e4e000,
0x0000025f37e4e800, 0x0000025f37e50000
}

Java Threads: ( => current thread )
  0x0000025f0666c800 JavaThread "main" [_thread_blocked, id=5316, stack(0x000000edc7200000,0x000000edc7300000)]
  0x0000025f33bfb800 JavaThread "Reference Handler" daemon [_thread_blocked, id=11044, stack(0x000000edc7900000,0x000000edc7a00000)]
  0x0000025f33bfd000 JavaThread "Finalizer" daemon [_thread_blocked, id=24900, stack(0x000000edc7a00000,0x000000edc7b00000)]
  0x0000025f3452d000 JavaThread "Signal Dispatcher" daemon [_thread_blocked, id=20084, stack(0x000000edc7b00000,0x000000edc7c00000)]
  0x0000025f3452e000 JavaThread "Attach Listener" daemon [_thread_blocked, id=4020, stack(0x000000edc7c00000,0x000000edc7d00000)]
  0x0000025f34531000 JavaThread "C1 CompilerThread0" daemon [_thread_blocked, id=17172, stack(0x000000edc7d00000,0x000000edc7e00000)]
  0x0000025f3453f800 JavaThread "Sweeper thread" daemon [_thread_blocked, id=30436, stack(0x000000edc7e00000,0x000000edc7f00000)]
  0x0000025f34627000 JavaThread "Common-Cleaner" daemon [_thread_blocked, id=25484, stack(0x000000edc7f00000,0x000000edc8000000)]
  0x0000025f3465f800 JavaThread "Service Thread" daemon [_thread_blocked, id=25640, stack(0x000000edc8000000,0x000000edc8100000)]
  0x0000025f34e29800 JavaThread "RMI TCP Accept-0" daemon [_thread_in_native, id=26692, stack(0x000000edc8100000,0x000000edc8200000)]
  0x0000025f34e18800 JavaThread "RMI TCP Accept-57792" daemon [_thread_in_native, id=20052, stack(0x000000edc8200000,0x000000edc8300000)]
  0x0000025f34e0b800 JavaThread "RMI TCP Accept-0" daemon [_thread_in_native, id=22448, stack(0x000000edc8300000,0x000000edc8400000)]
  0x0000025f356c0800 JavaThread "RMI TCP Connection(1)-127.0.0.1" daemon [_thread_in_native, id=10544, stack(0x000000edc8f00000,0x000000edc9000000)]
  0x0000025f356f4000 JavaThread "RMI Scheduler(0)" daemon [_thread_blocked, id=16308, stack(0x000000edc9000000,0x000000edc9100000)]
  0x0000025f356ec000 JavaThread "RMI TCP Connection(2)-127.0.0.1" daemon [_thread_in_native, id=25452, stack(0x000000edc9100000,0x000000edc9200000)]
  0x0000025f356fc000 JavaThread "JMX server connection timeout 20" daemon [_thread_blocked, id=20036, stack(0x000000edc9200000,0x000000edc9300000)]
  0x0000025f35810000 JavaThread "Thread-0" [_thread_blocked, id=5104, stack(0x000000edc9300000,0x000000edc9400000)]
=>0x0000025f35adf800 JavaThread "restartedMain" [_thread_in_vm, id=3912, stack(0x000000edc9400000,0x000000edc9500000)]
  0x0000025f37e4f800 JavaThread "Catalina-utility-1" [_thread_blocked, id=25016, stack(0x000000edc9700000,0x000000edc9800000)]
  0x0000025f37e4e000 JavaThread "Catalina-utility-2" [_thread_blocked, id=27404, stack(0x000000edc9800000,0x000000edc9900000)]
  0x0000025f37e4e800 JavaThread "container-0" [_thread_blocked, id=23328, stack(0x000000edc9900000,0x000000edc9a00000)]
  0x0000025f37e50000 JavaThread "mysql-cj-abandoned-connection-cleanup" daemon [_thread_blocked, id=27300, stack(0x000000edc9a00000,0x000000edc9b00000)]

Other Threads:
  0x0000025f33bf4800 VMThread "VM Thread" [stack: 0x000000edc7800000,0x000000edc7900000] [id=25860]
  0x0000025f34e76800 WatcherThread [stack: 0x000000edc8400000,0x000000edc8500000] [id=25896]
  0x0000025f066f0000 GCTaskThread "GC Thread#0" [stack: 0x000000edc7300000,0x000000edc7400000] [id=10900]
  0x0000025f35674000 GCTaskThread "GC Thread#1" [stack: 0x000000edc8500000,0x000000edc8600000] [id=21600]
  0x0000025f35672800 GCTaskThread "GC Thread#2" [stack: 0x000000edc8600000,0x000000edc8700000] [id=22000]
  0x0000025f35679000 GCTaskThread "GC Thread#3" [stack: 0x000000edc8700000,0x000000edc8800000] [id=11468]
  0x0000025f35675800 GCTaskThread "GC Thread#4" [stack: 0x000000edc8800000,0x000000edc8900000] [id=8320]
  0x0000025f35677000 GCTaskThread "GC Thread#5" [stack: 0x000000edc8900000,0x000000edc8a00000] [id=12164]
  0x0000025f35675000 GCTaskThread "GC Thread#6" [stack: 0x000000edc8a00000,0x000000edc8b00000] [id=5460]
  0x0000025f35673800 GCTaskThread "GC Thread#7" [stack: 0x000000edc8b00000,0x000000edc8c00000] [id=24168]
  0x0000025f35677800 GCTaskThread "GC Thread#8" [stack: 0x000000edc8c00000,0x000000edc8d00000] [id=20668]
  0x0000025f35678800 GCTaskThread "GC Thread#9" [stack: 0x000000edc8d00000,0x000000edc8e00000] [id=26864]
  0x0000025f0670a000 ConcurrentGCThread "G1 Main Marker" [stack: 0x000000edc7400000,0x000000edc7500000] [id=24848]
  0x0000025f06710800 ConcurrentGCThread "G1 Conc#0" [stack: 0x000000edc7500000,0x000000edc7600000] [id=10348]
  0x0000025f3567a000 ConcurrentGCThread "G1 Conc#1" [stack: 0x000000edc9500000,0x000000edc9600000] [id=28092]
  0x0000025f35676000 ConcurrentGCThread "G1 Conc#2" [stack: 0x000000edc9600000,0x000000edc9700000] [id=23924]
  0x0000025f33b91800 ConcurrentGCThread "G1 Refine#0" [stack: 0x000000edc7600000,0x000000edc7700000] [id=8944]
  0x0000025f356ae800 ConcurrentGCThread "G1 Refine#1" [stack: 0x000000edc8e00000,0x000000edc8f00000] [id=18192]
  0x0000025f33b92800 ConcurrentGCThread "G1 Young RemSet Sampling" [stack: 0x000000edc7700000,0x000000edc7800000] [id=7876]

Threads with active compile tasks:

VM state:not at safepoint (normal execution)

VM Mutex/Monitor currently owned by a thread: None

Heap address: 0x0000000602e00000, size: 8146 MB, Compressed Oops mode: Zero based, Oop shift amount: 3
Narrow klass base: 0x0000000800000000, Narrow klass shift: 3
Compressed class space size: 1073741824 Address: 0x0000000801190000

Heap:
 garbage-first heap   total 288768K, used 90224K [0x0000000602e00000, 0x0000000800000000)
  region size 2048K, 35 young (71680K), 1 survivors (2048K)
 Metaspace       used 36165K, capacity 37319K, committed 37504K, reserved 1087488K
  class space    used 4770K, capacity 5225K, committed 5248K, reserved 1048576K
Heap Regions: E=young(eden), S=young(survivor), O=old, HS=humongous(starts), HC=humongous(continues), CS=collection set, F=free, A=archive, TAMS=top-at-mark-start (previous, next)
|   0|0x0000000602e00000, 0x0000000603000000, 0x0000000603000000|100%| O|  |TAMS 0x0000000603000000, 0x0000000602e00000| Untracked 
|   1|0x0000000603000000, 0x0000000603200000, 0x0000000603200000|100%| O|  |TAMS 0x0000000603200000, 0x0000000603000000| Untracked 
|   2|0x0000000603200000, 0x0000000603400000, 0x0000000603400000|100%| O|  |TAMS 0x0000000603400000, 0x0000000603200000| Untracked 
|   3|0x0000000603400000, 0x00000006035f3400, 0x0000000603600000| 97%| O|  |TAMS 0x00000006035f3400, 0x0000000603400000| Untracked 
|   4|0x0000000603600000, 0x0000000603800000, 0x0000000603800000|100%| O|  |TAMS 0x0000000603800000, 0x0000000603600000| Untracked 
|   5|0x0000000603800000, 0x0000000603a00000, 0x0000000603a00000|100%| O|  |TAMS 0x0000000603a00000, 0x0000000603800000| Untracked 
|   6|0x0000000603a00000, 0x0000000603c00000, 0x0000000603c00000|100%| O|  |TAMS 0x0000000603c00000, 0x0000000603a00000| Untracked 
|   7|0x0000000603c00000, 0x0000000603e00000, 0x0000000603e00000|100%| O|  |TAMS 0x0000000603e00000, 0x0000000603c00000| Untracked 
|   8|0x0000000603e00000, 0x0000000604000000, 0x0000000604000000|100%| O|  |TAMS 0x0000000604000000, 0x0000000603e00000| Untracked 
|   9|0x0000000604000000, 0x0000000604200000, 0x0000000604200000|100%| O|  |TAMS 0x0000000604200000, 0x0000000604000000| Untracked 
|  10|0x0000000604200000, 0x0000000604400000, 0x0000000604400000|100%| O|  |TAMS 0x0000000604400000, 0x0000000604200000| Untracked 
|  11|0x0000000604400000, 0x00000006044e6e00, 0x0000000604600000| 45%| O|  |TAMS 0x00000006044e6e00, 0x0000000604400000| Untracked 
|  12|0x0000000604600000, 0x0000000604600000, 0x0000000604800000|  0%| F|  |TAMS 0x0000000604600000, 0x0000000604600000| Untracked 
|  13|0x0000000604800000, 0x0000000604800000, 0x0000000604a00000|  0%| F|  |TAMS 0x0000000604800000, 0x0000000604800000| Untracked 
|  14|0x0000000604a00000, 0x0000000604a00000, 0x0000000604c00000|  0%| F|  |TAMS 0x0000000604a00000, 0x0000000604a00000| Untracked 
|  15|0x0000000604c00000, 0x0000000604c00000, 0x0000000604e00000|  0%| F|  |TAMS 0x0000000604c00000, 0x0000000604c00000| Untracked 
|  16|0x0000000604e00000, 0x0000000604e00000, 0x0000000605000000|  0%| F|  |TAMS 0x0000000604e00000, 0x0000000604e00000| Untracked 
|  17|0x0000000605000000, 0x0000000605142000, 0x0000000605200000| 62%| S|CS|TAMS 0x0000000605000000, 0x0000000605000000| Complete 
|  18|0x0000000605200000, 0x0000000605200000, 0x0000000605400000|  0%| F|  |TAMS 0x0000000605200000, 0x0000000605200000| Untracked 
|  19|0x0000000605400000, 0x0000000605400000, 0x0000000605600000|  0%| F|  |TAMS 0x0000000605400000, 0x0000000605400000| Untracked 
|  20|0x0000000605600000, 0x0000000605600000, 0x0000000605800000|  0%| F|  |TAMS 0x0000000605600000, 0x0000000605600000| Untracked 
|  21|0x0000000605800000, 0x0000000605800000, 0x0000000605a00000|  0%| F|  |TAMS 0x0000000605800000, 0x0000000605800000| Untracked 
|  22|0x0000000605a00000, 0x0000000605a00000, 0x0000000605c00000|  0%| F|  |TAMS 0x0000000605a00000, 0x0000000605a00000| Untracked 
|  23|0x0000000605c00000, 0x0000000605c00000, 0x0000000605e00000|  0%| F|  |TAMS 0x0000000605c00000, 0x0000000605c00000| Untracked 
|  24|0x0000000605e00000, 0x0000000605e00000, 0x0000000606000000|  0%| F|  |TAMS 0x0000000605e00000, 0x0000000605e00000| Untracked 
|  25|0x0000000606000000, 0x0000000606000000, 0x0000000606200000|  0%| F|  |TAMS 0x0000000606000000, 0x0000000606000000| Untracked 
|  26|0x0000000606200000, 0x0000000606200000, 0x0000000606400000|  0%| F|  |TAMS 0x0000000606200000, 0x0000000606200000| Untracked 
|  27|0x0000000606400000, 0x0000000606400000, 0x0000000606600000|  0%| F|  |TAMS 0x0000000606400000, 0x0000000606400000| Untracked 
|  28|0x0000000606600000, 0x0000000606600000, 0x0000000606800000|  0%| F|  |TAMS 0x0000000606600000, 0x0000000606600000| Untracked 
|  29|0x0000000606800000, 0x0000000606800000, 0x0000000606a00000|  0%| F|  |TAMS 0x0000000606800000, 0x0000000606800000| Untracked 
|  30|0x0000000606a00000, 0x0000000606a00000, 0x0000000606c00000|  0%| F|  |TAMS 0x0000000606a00000, 0x0000000606a00000| Untracked 
|  31|0x0000000606c00000, 0x0000000606c00000, 0x0000000606e00000|  0%| F|  |TAMS 0x0000000606c00000, 0x0000000606c00000| Untracked 
|  32|0x0000000606e00000, 0x0000000606e00000, 0x0000000607000000|  0%| F|  |TAMS 0x0000000606e00000, 0x0000000606e00000| Untracked 
|  33|0x0000000607000000, 0x0000000607000000, 0x0000000607200000|  0%| F|  |TAMS 0x0000000607000000, 0x0000000607000000| Untracked 
|  34|0x0000000607200000, 0x0000000607200000, 0x0000000607400000|  0%| F|  |TAMS 0x0000000607200000, 0x0000000607200000| Untracked 
|  35|0x0000000607400000, 0x0000000607400000, 0x0000000607600000|  0%| F|  |TAMS 0x0000000607400000, 0x0000000607400000| Untracked 
|  36|0x0000000607600000, 0x0000000607600000, 0x0000000607800000|  0%| F|  |TAMS 0x0000000607600000, 0x0000000607600000| Untracked 
|  37|0x0000000607800000, 0x0000000607800000, 0x0000000607a00000|  0%| F|  |TAMS 0x0000000607800000, 0x0000000607800000| Untracked 
|  38|0x0000000607a00000, 0x0000000607a00000, 0x0000000607c00000|  0%| F|  |TAMS 0x0000000607a00000, 0x0000000607a00000| Untracked 
|  39|0x0000000607c00000, 0x0000000607c00000, 0x0000000607e00000|  0%| F|  |TAMS 0x0000000607c00000, 0x0000000607c00000| Untracked 
|  40|0x0000000607e00000, 0x0000000607e00000, 0x0000000608000000|  0%| F|  |TAMS 0x0000000607e00000, 0x0000000607e00000| Untracked 
|  41|0x0000000608000000, 0x0000000608000000, 0x0000000608200000|  0%| F|  |TAMS 0x0000000608000000, 0x0000000608000000| Untracked 
|  42|0x0000000608200000, 0x0000000608200000, 0x0000000608400000|  0%| F|  |TAMS 0x0000000608200000, 0x0000000608200000| Untracked 
|  43|0x0000000608400000, 0x0000000608400000, 0x0000000608600000|  0%| F|  |TAMS 0x0000000608400000, 0x0000000608400000| Untracked 
|  44|0x0000000608600000, 0x0000000608600000, 0x0000000608800000|  0%| F|  |TAMS 0x0000000608600000, 0x0000000608600000| Untracked 
|  45|0x0000000608800000, 0x0000000608800000, 0x0000000608a00000|  0%| F|  |TAMS 0x0000000608800000, 0x0000000608800000| Untracked 
|  46|0x0000000608a00000, 0x0000000608a00000, 0x0000000608c00000|  0%| F|  |TAMS 0x0000000608a00000, 0x0000000608a00000| Untracked 
|  47|0x0000000608c00000, 0x0000000608c00000, 0x0000000608e00000|  0%| F|  |TAMS 0x0000000608c00000, 0x0000000608c00000| Untracked 
|  48|0x0000000608e00000, 0x0000000608e00000, 0x0000000609000000|  0%| F|  |TAMS 0x0000000608e00000, 0x0000000608e00000| Untracked 
|  49|0x0000000609000000, 0x0000000609000000, 0x0000000609200000|  0%| F|  |TAMS 0x0000000609000000, 0x0000000609000000| Untracked 
|  50|0x0000000609200000, 0x0000000609200000, 0x0000000609400000|  0%| F|  |TAMS 0x0000000609200000, 0x0000000609200000| Untracked 
|  51|0x0000000609400000, 0x0000000609400000, 0x0000000609600000|  0%| F|  |TAMS 0x0000000609400000, 0x0000000609400000| Untracked 
|  52|0x0000000609600000, 0x0000000609600000, 0x0000000609800000|  0%| F|  |TAMS 0x0000000609600000, 0x0000000609600000| Untracked 
|  53|0x0000000609800000, 0x0000000609800000, 0x0000000609a00000|  0%| F|  |TAMS 0x0000000609800000, 0x0000000609800000| Untracked 
|  54|0x0000000609a00000, 0x0000000609a00000, 0x0000000609c00000|  0%| F|  |TAMS 0x0000000609a00000, 0x0000000609a00000| Untracked 
|  55|0x0000000609c00000, 0x0000000609c00000, 0x0000000609e00000|  0%| F|  |TAMS 0x0000000609c00000, 0x0000000609c00000| Untracked 
|  56|0x0000000609e00000, 0x0000000609e00000, 0x000000060a000000|  0%| F|  |TAMS 0x0000000609e00000, 0x0000000609e00000| Untracked 
|  57|0x000000060a000000, 0x000000060a000000, 0x000000060a200000|  0%| F|  |TAMS 0x000000060a000000, 0x000000060a000000| Untracked 
|  58|0x000000060a200000, 0x000000060a200000, 0x000000060a400000|  0%| F|  |TAMS 0x000000060a200000, 0x000000060a200000| Untracked 
|  59|0x000000060a400000, 0x000000060a400000, 0x000000060a600000|  0%| F|  |TAMS 0x000000060a400000, 0x000000060a400000| Untracked 
|  60|0x000000060a600000, 0x000000060a600000, 0x000000060a800000|  0%| F|  |TAMS 0x000000060a600000, 0x000000060a600000| Untracked 
|  61|0x000000060a800000, 0x000000060a800000, 0x000000060aa00000|  0%| F|  |TAMS 0x000000060a800000, 0x000000060a800000| Untracked 
|  62|0x000000060aa00000, 0x000000060aa00000, 0x000000060ac00000|  0%| F|  |TAMS 0x000000060aa00000, 0x000000060aa00000| Untracked 
|  63|0x000000060ac00000, 0x000000060ac00000, 0x000000060ae00000|  0%| F|  |TAMS 0x000000060ac00000, 0x000000060ac00000| Untracked 
|  64|0x000000060ae00000, 0x000000060ae00000, 0x000000060b000000|  0%| F|  |TAMS 0x000000060ae00000, 0x000000060ae00000| Untracked 
|  65|0x000000060b000000, 0x000000060b000000, 0x000000060b200000|  0%| F|  |TAMS 0x000000060b000000, 0x000000060b000000| Untracked 
|  66|0x000000060b200000, 0x000000060b200000, 0x000000060b400000|  0%| F|  |TAMS 0x000000060b200000, 0x000000060b200000| Untracked 
|  67|0x000000060b400000, 0x000000060b400000, 0x000000060b600000|  0%| F|  |TAMS 0x000000060b400000, 0x000000060b400000| Untracked 
|  68|0x000000060b600000, 0x000000060b600000, 0x000000060b800000|  0%| F|  |TAMS 0x000000060b600000, 0x000000060b600000| Untracked 
|  69|0x000000060b800000, 0x000000060b800000, 0x000000060ba00000|  0%| F|  |TAMS 0x000000060b800000, 0x000000060b800000| Untracked 
|  70|0x000000060ba00000, 0x000000060ba00000, 0x000000060bc00000|  0%| F|  |TAMS 0x000000060ba00000, 0x000000060ba00000| Untracked 
|  71|0x000000060bc00000, 0x000000060bc00000, 0x000000060be00000|  0%| F|  |TAMS 0x000000060bc00000, 0x000000060bc00000| Untracked 
|  72|0x000000060be00000, 0x000000060be00000, 0x000000060c000000|  0%| F|  |TAMS 0x000000060be00000, 0x000000060be00000| Untracked 
|  73|0x000000060c000000, 0x000000060c000000, 0x000000060c200000|  0%| F|  |TAMS 0x000000060c000000, 0x000000060c000000| Untracked 
|  74|0x000000060c200000, 0x000000060c200000, 0x000000060c400000|  0%| F|  |TAMS 0x000000060c200000, 0x000000060c200000| Untracked 
|  75|0x000000060c400000, 0x000000060c400000, 0x000000060c600000|  0%| F|  |TAMS 0x000000060c400000, 0x000000060c400000| Untracked 
|  76|0x000000060c600000, 0x000000060c600000, 0x000000060c800000|  0%| F|  |TAMS 0x000000060c600000, 0x000000060c600000| Untracked 
|  77|0x000000060c800000, 0x000000060c800000, 0x000000060ca00000|  0%| F|  |TAMS 0x000000060c800000, 0x000000060c800000| Untracked 
|  78|0x000000060ca00000, 0x000000060ca00000, 0x000000060cc00000|  0%| F|  |TAMS 0x000000060ca00000, 0x000000060ca00000| Untracked 
|  79|0x000000060cc00000, 0x000000060cc00000, 0x000000060ce00000|  0%| F|  |TAMS 0x000000060cc00000, 0x000000060cc00000| Untracked 
|  80|0x000000060ce00000, 0x000000060ce00000, 0x000000060d000000|  0%| F|  |TAMS 0x000000060ce00000, 0x000000060ce00000| Untracked 
|  81|0x000000060d000000, 0x000000060d000000, 0x000000060d200000|  0%| F|  |TAMS 0x000000060d000000, 0x000000060d000000| Untracked 
|  82|0x000000060d200000, 0x000000060d200000, 0x000000060d400000|  0%| F|  |TAMS 0x000000060d200000, 0x000000060d200000| Untracked 
|  83|0x000000060d400000, 0x000000060d400000, 0x000000060d600000|  0%| F|  |TAMS 0x000000060d400000, 0x000000060d400000| Untracked 
|  84|0x000000060d600000, 0x000000060d600000, 0x000000060d800000|  0%| F|  |TAMS 0x000000060d600000, 0x000000060d600000| Untracked 
|  85|0x000000060d800000, 0x000000060d800000, 0x000000060da00000|  0%| F|  |TAMS 0x000000060d800000, 0x000000060d800000| Untracked 
|  86|0x000000060da00000, 0x000000060da00000, 0x000000060dc00000|  0%| F|  |TAMS 0x000000060da00000, 0x000000060da00000| Untracked 
|  87|0x000000060dc00000, 0x000000060dc00000, 0x000000060de00000|  0%| F|  |TAMS 0x000000060dc00000, 0x000000060dc00000| Untracked 
|  88|0x000000060de00000, 0x000000060de00000, 0x000000060e000000|  0%| F|  |TAMS 0x000000060de00000, 0x000000060de00000| Untracked 
|  89|0x000000060e000000, 0x000000060e000000, 0x000000060e200000|  0%| F|  |TAMS 0x000000060e000000, 0x000000060e000000| Untracked 
|  90|0x000000060e200000, 0x000000060e200000, 0x000000060e400000|  0%| F|  |TAMS 0x000000060e200000, 0x000000060e200000| Untracked 
|  91|0x000000060e400000, 0x000000060e400000, 0x000000060e600000|  0%| F|  |TAMS 0x000000060e400000, 0x000000060e400000| Untracked 
|  92|0x000000060e600000, 0x000000060e600000, 0x000000060e800000|  0%| F|  |TAMS 0x000000060e600000, 0x000000060e600000| Untracked 
|  93|0x000000060e800000, 0x000000060e800000, 0x000000060ea00000|  0%| F|  |TAMS 0x000000060e800000, 0x000000060e800000| Untracked 
|  94|0x000000060ea00000, 0x000000060ea00000, 0x000000060ec00000|  0%| F|  |TAMS 0x000000060ea00000, 0x000000060ea00000| Untracked 
|  95|0x000000060ec00000, 0x000000060ec00000, 0x000000060ee00000|  0%| F|  |TAMS 0x000000060ec00000, 0x000000060ec00000| Untracked 
|  96|0x000000060ee00000, 0x000000060ee00000, 0x000000060f000000|  0%| F|  |TAMS 0x000000060ee00000, 0x000000060ee00000| Untracked 
|  97|0x000000060f000000, 0x000000060f000000, 0x000000060f200000|  0%| F|  |TAMS 0x000000060f000000, 0x000000060f000000| Untracked 
|  98|0x000000060f200000, 0x000000060f200000, 0x000000060f400000|  0%| F|  |TAMS 0x000000060f200000, 0x000000060f200000| Untracked 
|  99|0x000000060f400000, 0x000000060f400000, 0x000000060f600000|  0%| F|  |TAMS 0x000000060f400000, 0x000000060f400000| Untracked 
| 100|0x000000060f600000, 0x000000060f600000, 0x000000060f800000|  0%| F|  |TAMS 0x000000060f600000, 0x000000060f600000| Untracked 
| 101|0x000000060f800000, 0x000000060f800000, 0x000000060fa00000|  0%| F|  |TAMS 0x000000060f800000, 0x000000060f800000| Untracked 
| 102|0x000000060fa00000, 0x000000060fa00000, 0x000000060fc00000|  0%| F|  |TAMS 0x000000060fa00000, 0x000000060fa00000| Untracked 
| 103|0x000000060fc00000, 0x000000060fc00000, 0x000000060fe00000|  0%| F|  |TAMS 0x000000060fc00000, 0x000000060fc00000| Untracked 
| 104|0x000000060fe00000, 0x000000060fe00000, 0x0000000610000000|  0%| F|  |TAMS 0x000000060fe00000, 0x000000060fe00000| Untracked 
| 105|0x0000000610000000, 0x0000000610000000, 0x0000000610200000|  0%| F|  |TAMS 0x0000000610000000, 0x0000000610000000| Untracked 
| 106|0x0000000610200000, 0x0000000610200000, 0x0000000610400000|  0%| F|  |TAMS 0x0000000610200000, 0x0000000610200000| Untracked 
| 107|0x0000000610400000, 0x000000061041b1b8, 0x0000000610600000|  5%| E|  |TAMS 0x0000000610400000, 0x0000000610400000| Complete 
| 108|0x0000000610600000, 0x0000000610800000, 0x0000000610800000|100%| E|CS|TAMS 0x0000000610600000, 0x0000000610600000| Complete 
| 109|0x0000000610800000, 0x0000000610a00000, 0x0000000610a00000|100%| E|CS|TAMS 0x0000000610800000, 0x0000000610800000| Complete 
| 110|0x0000000610a00000, 0x0000000610c00000, 0x0000000610c00000|100%| E|CS|TAMS 0x0000000610a00000, 0x0000000610a00000| Complete 
| 111|0x0000000610c00000, 0x0000000610e00000, 0x0000000610e00000|100%| E|CS|TAMS 0x0000000610c00000, 0x0000000610c00000| Complete 
| 112|0x0000000610e00000, 0x0000000611000000, 0x0000000611000000|100%| E|CS|TAMS 0x0000000610e00000, 0x0000000610e00000| Complete 
| 113|0x0000000611000000, 0x0000000611200000, 0x0000000611200000|100%| E|CS|TAMS 0x0000000611000000, 0x0000000611000000| Complete 
| 114|0x0000000611200000, 0x0000000611400000, 0x0000000611400000|100%| E|CS|TAMS 0x0000000611200000, 0x0000000611200000| Complete 
| 115|0x0000000611400000, 0x0000000611600000, 0x0000000611600000|100%| E|CS|TAMS 0x0000000611400000, 0x0000000611400000| Complete 
| 116|0x0000000611600000, 0x0000000611800000, 0x0000000611800000|100%| E|CS|TAMS 0x0000000611600000, 0x0000000611600000| Complete 
| 117|0x0000000611800000, 0x0000000611a00000, 0x0000000611a00000|100%| E|CS|TAMS 0x0000000611800000, 0x0000000611800000| Complete 
| 118|0x0000000611a00000, 0x0000000611c00000, 0x0000000611c00000|100%| E|CS|TAMS 0x0000000611a00000, 0x0000000611a00000| Complete 
| 119|0x0000000611c00000, 0x0000000611e00000, 0x0000000611e00000|100%| E|CS|TAMS 0x0000000611c00000, 0x0000000611c00000| Complete 
| 120|0x0000000611e00000, 0x0000000612000000, 0x0000000612000000|100%| E|CS|TAMS 0x0000000611e00000, 0x0000000611e00000| Complete 
| 121|0x0000000612000000, 0x0000000612200000, 0x0000000612200000|100%| E|CS|TAMS 0x0000000612000000, 0x0000000612000000| Complete 
| 122|0x0000000612200000, 0x0000000612400000, 0x0000000612400000|100%| E|CS|TAMS 0x0000000612200000, 0x0000000612200000| Complete 
| 123|0x0000000612400000, 0x0000000612600000, 0x0000000612600000|100%| E|CS|TAMS 0x0000000612400000, 0x0000000612400000| Complete 
| 124|0x0000000612600000, 0x0000000612800000, 0x0000000612800000|100%| E|CS|TAMS 0x0000000612600000, 0x0000000612600000| Complete 
| 125|0x0000000612800000, 0x0000000612a00000, 0x0000000612a00000|100%| E|CS|TAMS 0x0000000612800000, 0x0000000612800000| Complete 
| 126|0x0000000612a00000, 0x0000000612c00000, 0x0000000612c00000|100%| E|CS|TAMS 0x0000000612a00000, 0x0000000612a00000| Complete 
| 127|0x0000000612c00000, 0x0000000612e00000, 0x0000000612e00000|100%| E|CS|TAMS 0x0000000612c00000, 0x0000000612c00000| Complete 
| 128|0x0000000612e00000, 0x0000000613000000, 0x0000000613000000|100%| E|  |TAMS 0x0000000612e00000, 0x0000000612e00000| Complete 
| 129|0x0000000613000000, 0x0000000613200000, 0x0000000613200000|100%| E|CS|TAMS 0x0000000613000000, 0x0000000613000000| Complete 
| 130|0x0000000613200000, 0x0000000613400000, 0x0000000613400000|100%| E|CS|TAMS 0x0000000613200000, 0x0000000613200000| Complete 
| 131|0x0000000613400000, 0x0000000613600000, 0x0000000613600000|100%| E|CS|TAMS 0x0000000613400000, 0x0000000613400000| Complete 
| 132|0x0000000613600000, 0x0000000613800000, 0x0000000613800000|100%| E|CS|TAMS 0x0000000613600000, 0x0000000613600000| Complete 
| 133|0x0000000613800000, 0x0000000613a00000, 0x0000000613a00000|100%| E|CS|TAMS 0x0000000613800000, 0x0000000613800000| Complete 
| 134|0x0000000613a00000, 0x0000000613c00000, 0x0000000613c00000|100%| E|CS|TAMS 0x0000000613a00000, 0x0000000613a00000| Complete 
| 135|0x0000000613c00000, 0x0000000613e00000, 0x0000000613e00000|100%| E|CS|TAMS 0x0000000613c00000, 0x0000000613c00000| Complete 
| 136|0x0000000613e00000, 0x0000000614000000, 0x0000000614000000|100%| E|CS|TAMS 0x0000000613e00000, 0x0000000613e00000| Complete 
| 137|0x0000000614000000, 0x0000000614200000, 0x0000000614200000|100%| E|CS|TAMS 0x0000000614000000, 0x0000000614000000| Complete 
| 216|0x000000061de00000, 0x000000061e000000, 0x000000061e000000|100%| E|CS|TAMS 0x000000061de00000, 0x000000061de00000| Complete 
| 217|0x000000061e000000, 0x000000061e200000, 0x000000061e200000|100%| E|CS|TAMS 0x000000061e000000, 0x000000061e000000| Complete 
| 254|0x0000000622a00000, 0x0000000622c00000, 0x0000000622c00000|100%| E|CS|TAMS 0x0000000622a00000, 0x0000000622a00000| Complete 

Card table byte_map: [0x0000025f1efc0000,0x0000025f1ffb0000] _byte_map_base: 0x0000025f1bfa9000

Marking Bits (Prev, Next): (CMBitMap*) 0x0000025f066f0b98, (CMBitMap*) 0x0000025f066f0bd8
 Prev Bits: [0x0000025f20fa0000, 0x0000025f28ee8000)
 Next Bits: [0x0000025f28ef0000, 0x0000025f30e38000)

Polling page: 0x0000025f045a0000

Metaspace:

Usage:
  Non-class:     31.34 MB capacity,    30.66 MB ( 98%) used,   575.69 KB (  2%) free+waste,   123.94 KB ( <1%) overhead. 
      Class:      5.10 MB capacity,     4.66 MB ( 91%) used,   392.70 KB (  8%) free+waste,    61.44 KB (  1%) overhead. 
       Both:     36.44 MB capacity,    35.32 MB ( 97%) used,   968.38 KB (  3%) free+waste,   185.38 KB ( <1%) overhead. 

Virtual space:
  Non-class space:       38.00 MB reserved,      31.50 MB ( 83%) committed 
      Class space:        1.00 GB reserved,       5.13 MB ( <1%) committed 
             Both:        1.04 GB reserved,      36.63 MB (  3%) committed 

Chunk freelists:
   Non-Class:  4.25 KB
       Class:  2.88 KB
        Both:  7.13 KB

CodeHeap 'non-profiled nmethods': size=238336Kb used=7923Kb max_used=7923Kb free=230413Kb
 bounds [0x0000025f0f1b0000, 0x0000025f0f970000, 0x0000025f1da70000]
CodeHeap 'non-nmethods': size=7424Kb used=1202Kb max_used=1202Kb free=6221Kb
 bounds [0x0000025f0ea70000, 0x0000025f0ece0000, 0x0000025f0f1b0000]
 total_blobs=4988 nmethods=4405 adapters=463
 compilation: enabled
              stopped_count=0, restarted_count=0
 full_count=0

Compilation events (10 events):
Event: 5.127 Thread 0x0000025f34531000 4427       1       com.mysql.cj.conf.AbstractPropertyDefinition::getDefaultValue (5 bytes)
Event: 5.127 Thread 0x0000025f34531000 nmethod 4427 0x0000025f0f96a810 code [0x0000025f0f96a9c0, 0x0000025f0f96aaf8]
Event: 5.127 Thread 0x0000025f34531000 4428       1       com.mysql.cj.conf.AbstractRuntimeProperty::getPropertyDefinition (5 bytes)
Event: 5.127 Thread 0x0000025f34531000 nmethod 4428 0x0000025f0f96ab90 code [0x0000025f0f96ad40, 0x0000025f0f96ae78]
Event: 5.127 Thread 0x0000025f34531000 4429       1       com.mysql.cj.conf.AbstractPropertyDefinition::getName (5 bytes)
Event: 5.127 Thread 0x0000025f34531000 nmethod 4429 0x0000025f0f96af10 code [0x0000025f0f96b0c0, 0x0000025f0f96b1f8]
Event: 5.167 Thread 0x0000025f34531000 4430   !   1       com.mysql.cj.conf.DefaultPropertySet::getProperty (52 bytes)
Event: 5.167 Thread 0x0000025f34531000 nmethod 4430 0x0000025f0f96b290 code [0x0000025f0f96b480, 0x0000025f0f96b7b0]
Event: 5.178 Thread 0x0000025f34531000 4431       1       sun.nio.cs.ext.AbstractCharsetProvider::put (20 bytes)
Event: 5.178 Thread 0x0000025f34531000 nmethod 4431 0x0000025f0f96b990 code [0x0000025f0f96bb60, 0x0000025f0f96bce0]

GC Heap History (10 events):
Event: 4.737 GC heap before
{Heap before GC invocations=17 (full 0):
 garbage-first heap   total 49152K, used 32324K [0x0000000602e00000, 0x0000000800000000)
  region size 2048K, 6 young (12288K), 1 survivors (2048K)
 Metaspace       used 31626K, capacity 32792K, committed 32896K, reserved 1077248K
  class space    used 4282K, capacity 4700K, committed 4736K, reserved 1048576K
}
Event: 4.737 GC heap after
{Heap after GC invocations=18 (full 0):
 garbage-first heap   total 49152K, used 24148K [0x0000000602e00000, 0x0000000800000000)
  region size 2048K, 1 young (2048K), 1 survivors (2048K)
 Metaspace       used 31626K, capacity 32792K, committed 32896K, reserved 1077248K
  class space    used 4282K, capacity 4700K, committed 4736K, reserved 1048576K
}
Event: 4.738 GC heap before
{Heap before GC invocations=18 (full 0):
 garbage-first heap   total 49152K, used 32340K [0x0000000602e00000, 0x0000000800000000)
  region size 2048K, 6 young (12288K), 1 survivors (2048K)
 Metaspace       used 31626K, capacity 32792K, committed 32896K, reserved 1077248K
  class space    used 4282K, capacity 4700K, committed 4736K, reserved 1048576K
}
Event: 4.739 GC heap after
{Heap after GC invocations=19 (full 0):
 garbage-first heap   total 49152K, used 24087K [0x0000000602e00000, 0x0000000800000000)
  region size 2048K, 1 young (2048K), 1 survivors (2048K)
 Metaspace       used 31626K, capacity 32792K, committed 32896K, reserved 1077248K
  class space    used 4282K, capacity 4700K, committed 4736K, reserved 1048576K
}
Event: 4.740 GC heap before
{Heap before GC invocations=19 (full 0):
 garbage-first heap   total 49152K, used 34327K [0x0000000602e00000, 0x0000000800000000)
  region size 2048K, 7 young (14336K), 1 survivors (2048K)
 Metaspace       used 31626K, capacity 32792K, committed 32896K, reserved 1077248K
  class space    used 4282K, capacity 4700K, committed 4736K, reserved 1048576K
}
Event: 4.741 GC heap after
{Heap after GC invocations=20 (full 0):
 garbage-first heap   total 49152K, used 24084K [0x0000000602e00000, 0x0000000800000000)
  region size 2048K, 1 young (2048K), 1 survivors (2048K)
 Metaspace       used 31626K, capacity 32792K, committed 32896K, reserved 1077248K
  class space    used 4282K, capacity 4700K, committed 4736K, reserved 1048576K
}
Event: 4.812 GC heap before
{Heap before GC invocations=21 (full 0):
 garbage-first heap   total 55296K, used 34324K [0x0000000602e00000, 0x0000000800000000)
  region size 2048K, 7 young (14336K), 1 survivors (2048K)
 Metaspace       used 32353K, capacity 33457K, committed 33792K, reserved 1079296K
  class space    used 4361K, capacity 4770K, committed 4864K, reserved 1048576K
}
Event: 4.813 GC heap after
{Heap after GC invocations=22 (full 0):
 garbage-first heap   total 55296K, used 24832K [0x0000000602e00000, 0x0000000800000000)
  region size 2048K, 1 young (2048K), 1 survivors (2048K)
 Metaspace       used 32353K, capacity 33457K, committed 33792K, reserved 1079296K
  class space    used 4361K, capacity 4770K, committed 4864K, reserved 1048576K
}
Event: 4.832 GC heap before
{Heap before GC invocations=22 (full 0):
 garbage-first heap   total 55296K, used 39168K [0x0000000602e00000, 0x0000000800000000)
  region size 2048K, 9 young (18432K), 1 survivors (2048K)
 Metaspace       used 32361K, capacity 33457K, committed 33792K, reserved 1079296K
  class space    used 4361K, capacity 4770K, committed 4864K, reserved 1048576K
}
Event: 4.833 GC heap after
{Heap after GC invocations=23 (full 0):
 garbage-first heap   total 288768K, used 24688K [0x0000000602e00000, 0x0000000800000000)
  region size 2048K, 1 young (2048K), 1 survivors (2048K)
 Metaspace       used 32361K, capacity 33457K, committed 33792K, reserved 1079296K
  class space    used 4361K, capacity 4770K, committed 4864K, reserved 1048576K
}

Deoptimization events (0 events):
No events

Classes redefined (0 events):
No events

Internal exceptions (10 events):
Event: 5.066 Thread 0x0000025f35adf800 Implicit null exception at 0x0000025f0f556395 to 0x0000025f0f556703
Event: 5.066 Thread 0x0000025f35adf800 Exception <a 'java/lang/NullPointerException'{0x0000000611585290}> (0x0000000611585290) thrown at [t:/workspace/open/src/hotspot/share/runtime/sharedRuntime.cpp, line 585]
Event: 5.066 Thread 0x0000025f35adf800 Implicit null exception at 0x0000025f0f556395 to 0x0000025f0f556703
Event: 5.066 Thread 0x0000025f35adf800 Exception <a 'java/lang/NullPointerException'{0x0000000611586790}> (0x0000000611586790) thrown at [t:/workspace/open/src/hotspot/share/runtime/sharedRuntime.cpp, line 585]
Event: 5.066 Thread 0x0000025f35adf800 Implicit null exception at 0x0000025f0f556395 to 0x0000025f0f556703
Event: 5.066 Thread 0x0000025f35adf800 Exception <a 'java/lang/NullPointerException'{0x0000000611587c90}> (0x0000000611587c90) thrown at [t:/workspace/open/src/hotspot/share/runtime/sharedRuntime.cpp, line 585]
Event: 5.066 Thread 0x0000025f35adf800 Implicit null exception at 0x0000025f0f556395 to 0x0000025f0f556703
Event: 5.066 Thread 0x0000025f35adf800 Exception <a 'java/lang/NullPointerException'{0x00000006115891d0}> (0x00000006115891d0) thrown at [t:/workspace/open/src/hotspot/share/runtime/sharedRuntime.cpp, line 585]
Event: 5.067 Thread 0x0000025f35adf800 Implicit null exception at 0x0000025f0f556395 to 0x0000025f0f556703
Event: 5.067 Thread 0x0000025f35adf800 Exception <a 'java/lang/NullPointerException'{0x000000061158a710}> (0x000000061158a710) thrown at [t:/workspace/open/src/hotspot/share/runtime/sharedRuntime.cpp, line 585]

Events (10 events):
Event: 5.176 loading class java/nio/charset/Charset$ExtendedProviderHolder$1 done
Event: 5.179 loading class sun/nio/cs/DoubleByte$Decoder
Event: 5.179 loading class sun/nio/cs/DelegatableDecoder
Event: 5.179 loading class sun/nio/cs/DelegatableDecoder done
Event: 5.179 loading class sun/nio/cs/DoubleByte$Decoder done
Event: 5.179 Executing VM operation: Deoptimize
Event: 5.180 Executing VM operation: Deoptimize done
Event: 5.180 loading class sun/nio/cs/DoubleByte$Encoder
Event: 5.180 loading class sun/nio/cs/DoubleByte$Encoder done
Event: 5.180 loading class sun/nio/cs/GBK


Dynamic libraries:
0x00007ff67fe60000 - 0x00007ff67fe6f000 	C:\Program Files\Java\jdk-12.0.2\bin\javaw.exe
0x00007ffb41890000 - 0x00007ffb41a85000 	C:\Windows\SYSTEM32\ntdll.dll
0x00007ffb40290000 - 0x00007ffb4034d000 	C:\Windows\System32\KERNEL32.DLL
0x00007ffb3f440000 - 0x00007ffb3f708000 	C:\Windows\System32\KERNELBASE.dll
0x00007ffb3f740000 - 0x00007ffb3f840000 	C:\Windows\System32\ucrtbase.dll
0x00007ffb26030000 - 0x00007ffb26046000 	C:\Program Files\Java\jdk-12.0.2\bin\VCRUNTIME140.dll
0x00007ffb2bea0000 - 0x00007ffb2beb8000 	C:\Program Files\Java\jdk-12.0.2\bin\jli.dll
0x00007ffb41680000 - 0x00007ffb4172c000 	C:\Windows\System32\ADVAPI32.dll
0x00007ffb413c0000 - 0x00007ffb4145e000 	C:\Windows\System32\msvcrt.dll
0x00007ffb40fa0000 - 0x00007ffb4103b000 	C:\Windows\System32\sechost.dll
0x00007ffb3f970000 - 0x00007ffb3fa9b000 	C:\Windows\System32\RPCRT4.dll
0x00007ffb41040000 - 0x00007ffb411e0000 	C:\Windows\System32\USER32.dll
0x00007ffb3f710000 - 0x00007ffb3f732000 	C:\Windows\System32\win32u.dll
0x00007ffb2a1a0000 - 0x00007ffb2a43a000 	C:\Windows\WinSxS\amd64_microsoft.windows.common-controls_6595b64144ccf1df_6.0.19041.844_none_ca00b6081b84eb1d\COMCTL32.dll
0x00007ffb3fb90000 - 0x00007ffb3fbba000 	C:\Windows\System32\GDI32.dll
0x00007ffb3efd0000 - 0x00007ffb3f0db000 	C:\Windows\System32\gdi32full.dll
0x00007ffb3f1f0000 - 0x00007ffb3f28d000 	C:\Windows\System32\msvcp_win.dll
0x00007ffb37e40000 - 0x00007ffb37e4a000 	C:\Windows\SYSTEM32\VERSION.dll
0x00007ffb41460000 - 0x00007ffb41490000 	C:\Windows\System32\IMM32.DLL
0x00007ffb0b250000 - 0x00007ffb0b2fa000 	C:\Program Files\Java\jdk-12.0.2\bin\msvcp140.dll
0x00007ffac8fd0000 - 0x00007ffac9b47000 	C:\Program Files\Java\jdk-12.0.2\bin\server\jvm.dll
0x00007ffb3faa0000 - 0x00007ffb3faa8000 	C:\Windows\System32\PSAPI.DLL
0x00007ffb2bf90000 - 0x00007ffb2bf99000 	C:\Windows\SYSTEM32\WSOCK32.dll
0x00007ffb2f250000 - 0x00007ffb2f277000 	C:\Windows\SYSTEM32\WINMM.dll
0x00007ffb40f10000 - 0x00007ffb40f7b000 	C:\Windows\System32\WS2_32.dll
0x00007ffb3d860000 - 0x00007ffb3d872000 	C:\Windows\SYSTEM32\kernel.appcore.dll
0x00007ffb25aa0000 - 0x00007ffb25ab1000 	C:\Program Files\Java\jdk-12.0.2\bin\verify.dll
0x00007ffb3cc40000 - 0x00007ffb3ce24000 	C:\Windows\SYSTEM32\DBGHELP.DLL
0x00007ffb36740000 - 0x00007ffb3676c000 	C:\Windows\SYSTEM32\dbgcore.DLL
0x00007ffb3f170000 - 0x00007ffb3f1f0000 	C:\Windows\System32\bcryptPrimitives.dll
0x00007ffb25a70000 - 0x00007ffb25a96000 	C:\Program Files\Java\jdk-12.0.2\bin\java.dll
0x00007ffb257e0000 - 0x00007ffb257f7000 	C:\Program Files\Java\jdk-12.0.2\bin\zip.dll
0x00007ffb39990000 - 0x00007ffb3999a000 	C:\Program Files\Java\jdk-12.0.2\bin\jimage.dll
0x00007ffb407c0000 - 0x00007ffb40f02000 	C:\Windows\System32\SHELL32.dll
0x00007ffb3d0b0000 - 0x00007ffb3d841000 	C:\Windows\SYSTEM32\windows.storage.dll
0x00007ffb3fe20000 - 0x00007ffb40175000 	C:\Windows\System32\combase.dll
0x00007ffb3e970000 - 0x00007ffb3e99c000 	C:\Windows\SYSTEM32\Wldp.dll
0x00007ffb3fbc0000 - 0x00007ffb3fc6e000 	C:\Windows\System32\SHCORE.dll
0x00007ffb40180000 - 0x00007ffb401d5000 	C:\Windows\System32\shlwapi.dll
0x00007ffb3ef10000 - 0x00007ffb3ef2f000 	C:\Windows\SYSTEM32\profapi.dll
0x00007ffb25460000 - 0x00007ffb25479000 	C:\Program Files\Java\jdk-12.0.2\bin\net.dll
0x00007ffb33e40000 - 0x00007ffb33f4b000 	C:\Windows\SYSTEM32\WINHTTP.dll
0x00007ffb2e8d0000 - 0x00007ffb2eabe000 	C:\Windows\SYSTEM32\urlmon.dll
0x00007ffb2e3a0000 - 0x00007ffb2e650000 	C:\Windows\SYSTEM32\iertutil.dll
0x00007ffb3e750000 - 0x00007ffb3e7ba000 	C:\Windows\system32\mswsock.dll
0x00007ffb251e0000 - 0x00007ffb251f3000 	C:\Program Files\Java\jdk-12.0.2\bin\nio.dll
0x00007ffb2b7d0000 - 0x00007ffb2b7d9000 	C:\Program Files\Java\jdk-12.0.2\bin\management.dll
0x00007ffb29650000 - 0x00007ffb2965c000 	C:\Program Files\Java\jdk-12.0.2\bin\management_ext.dll
0x00007ffb2aae0000 - 0x00007ffb2aaf7000 	C:\Windows\system32\napinsp.dll
0x00007ffb2a180000 - 0x00007ffb2a19b000 	C:\Windows\system32\pnrpnsp.dll
0x00007ffb3a120000 - 0x00007ffb3a135000 	C:\Windows\system32\wshbth.dll
0x00007ffb381b0000 - 0x00007ffb381cd000 	C:\Windows\system32\NLAapi.dll
0x00007ffb3e410000 - 0x00007ffb3e44b000 	C:\Windows\SYSTEM32\IPHLPAPI.DLL
0x00007ffb3e450000 - 0x00007ffb3e51c000 	C:\Windows\SYSTEM32\DNSAPI.dll
0x00007ffb41320000 - 0x00007ffb41328000 	C:\Windows\System32\NSI.dll
0x00007ffb2a160000 - 0x00007ffb2a172000 	C:\Windows\System32\winrnr.dll
0x00007ffb32370000 - 0x00007ffb3237a000 	C:\Windows\System32\rasadhlp.dll
0x00007ffb324c0000 - 0x00007ffb3253f000 	C:\Windows\System32\fwpuclnt.dll
0x00007ffb3f140000 - 0x00007ffb3f167000 	C:\Windows\System32\bcrypt.dll
0x00007ffb3e9b0000 - 0x00007ffb3e9c8000 	C:\Windows\SYSTEM32\CRYPTSP.dll
0x00007ffb3e0a0000 - 0x00007ffb3e0d4000 	C:\Windows\system32\rsaenh.dll
0x00007ffb3ee90000 - 0x00007ffb3eebe000 	C:\Windows\SYSTEM32\USERENV.dll
0x00007ffb3e8d0000 - 0x00007ffb3e8dc000 	C:\Windows\SYSTEM32\CRYPTBASE.dll
0x00007ffb38270000 - 0x00007ffb38287000 	C:\Windows\SYSTEM32\dhcpcsvc6.DLL
0x00007ffb381d0000 - 0x00007ffb381ed000 	C:\Windows\SYSTEM32\dhcpcsvc.DLL

dbghelp: loaded successfully - version: 4.0.5 - missing functions: none
symbol engine: initialized successfully - sym options: 0x614 - pdb path: .;C:\Program Files\Java\jdk-12.0.2\bin;C:\Windows\SYSTEM32;C:\Windows\WinSxS\amd64_microsoft.windows.common-controls_6595b64144ccf1df_6.0.19041.844_none_ca00b6081b84eb1d;C:\Program Files\Java\jdk-12.0.2\bin\server

VM Arguments:
jvm_args: -Dcom.sun.management.jmxremote -Dcom.sun.management.jmxremote.port=57792 -Dcom.sun.management.jmxremote.authenticate=false -Dcom.sun.management.jmxremote.ssl=false -Djava.rmi.server.hostname=localhost -Dspring.jmx.enabled=true -Dspring.application.admin.enabled=true -XX:TieredStopAtLevel=1 -Dspring.boot.project.name=Product-Service -Dfile.encoding=UTF-8 
java_command: com.product.service.app.ProductServiceApplication --spring.output.ansi.enabled=always
java_class_path (initial): D:\Proyectos\WS-MS-Nuevos\Product-Service\target\classes;C:\Users\Lordkikes\.m2\repository\org\springframework\boot\spring-boot-starter-web\2.1.5.RELEASE\spring-boot-starter-web-2.1.5.RELEASE.jar;C:\Users\Lordkikes\.m2\repository\org\springframework\boot\spring-boot-starter-json\2.1.5.RELEASE\spring-boot-starter-json-2.1.5.RELEASE.jar;C:\Users\Lordkikes\.m2\repository\com\fasterxml\jackson\core\jackson-databind\2.9.8\jackson-databind-2.9.8.jar;C:\Users\Lordkikes\.m2\repository\com\fasterxml\jackson\datatype\jackson-datatype-jdk8\2.9.8\jackson-datatype-jdk8-2.9.8.jar;C:\Users\Lordkikes\.m2\repository\com\fasterxml\jackson\datatype\jackson-datatype-jsr310\2.9.8\jackson-datatype-jsr310-2.9.8.jar;C:\Users\Lordkikes\.m2\repository\com\fasterxml\jackson\module\jackson-module-parameter-names\2.9.8\jackson-module-parameter-names-2.9.8.jar;C:\Users\Lordkikes\.m2\repository\org\springframework\boot\spring-boot-starter-tomcat\2.1.5.RELEASE\spring-boot-starter-tomcat-2.1.5.RELEASE.jar;C:\Users\Lordkikes\.m2\repository\org\apache\tomcat\embed\tomcat-embed-core\9.0.19\tomcat-embed-core-9.0.19.jar;C:\Users\Lordkikes\.m2\repository\org\apache\tomcat\embed\tomcat-embed-el\9.0.19\tomcat-embed-el-9.0.19.jar;C:\Users\Lordkikes\.m2\repository\org\apache\tomcat\embed\tomcat-embed-websocket\9.0.19\tomcat-embed-websocket-9.0.19.jar;C:\Users\Lordkikes\.m2\repository\org\hibernate\validator\hibernate-validator\6.0.16.Final\hibernate-validator-6.0.16.Final.jar;C:\Users\Lordkikes\.m2\repository\javax\validation\validation-api\2.0.1.Final\validation-api-2.0.1.Final.jar;C:\Users\Lordkikes\.m2\repository\org\jboss\logging\jboss-logging\3.3.2.Final\jboss-logging-3.3.2.Final.jar;C:\Users\Lordkikes\.m2\repository\com\fasterxml\classmate\1.4.0\classmate-1.4.0.jar;C:\Users\Lordkikes\.m2\repository\org\springframework\spring-web\5.1.7.RELEASE\spring-web-5.1.7.RELEASE.jar;C:\Users\Lordkikes\.m2\repository\org\springframework\spring-beans\5.1.7.RELEASE\spring-beans-5.1.7.RELE
Launcher Type: SUN_STANDARD

[Global flags]
     intx CICompilerCount                          = 4                                         {product} {ergonomic}
     uint ConcGCThreads                            = 3                                         {product} {ergonomic}
     uint G1ConcRefinementThreads                  = 10                                        {product} {ergonomic}
   size_t G1HeapRegionSize                         = 2097152                                   {product} {ergonomic}
    uintx GCDrainStackTargetSize                   = 64                                        {product} {ergonomic}
   size_t InitialHeapSize                          = 534773760                                 {product} {ergonomic}
     bool ManagementServer                         = true                                      {product} {command line}
   size_t MarkStackSize                            = 4194304                                   {product} {ergonomic}
   size_t MaxHeapSize                              = 8541700096                                {product} {ergonomic}
   size_t MaxNewSize                               = 5123342336                                {product} {ergonomic}
   size_t MinHeapDeltaBytes                        = 2097152                                   {product} {ergonomic}
    uintx NonNMethodCodeHeapSize                   = 7549744                                {pd product} {ergonomic}
    uintx NonProfiledCodeHeapSize                  = 244108496                              {pd product} {ergonomic}
    uintx ProfiledCodeHeapSize                     = 0                                      {pd product} {ergonomic}
    uintx ReservedCodeCacheSize                    = 251658240                              {pd product} {ergonomic}
     bool SegmentedCodeCache                       = true                                      {product} {ergonomic}
     intx TieredStopAtLevel                        = 1                                         {product} {command line}
     bool UseCompressedClassPointers               = true                                 {lp64_product} {ergonomic}
     bool UseCompressedOops                        = true                                 {lp64_product} {ergonomic}
     bool UseG1GC                                  = true                                      {product} {ergonomic}
     bool UseLargePagesIndividualAllocation        = false                                  {pd product} {ergonomic}

Logging:
Log output configuration:
 #0: stdout all=warning uptime,level,tags
 #1: stderr all=off uptime,level,tags

Environment Variables:
JAVA_HOME=C:\Program Files\Java\jdk-11.0.11
PATH=D:/sts-4.10.0.RELEASE//plugins/org.eclipse.justj.openjdk.hotspot.jre.full.win32.x86_64_15.0.2.v20210201-0955/jre/bin/server;D:/sts-4.10.0.RELEASE//plugins/org.eclipse.justj.openjdk.hotspot.jre.full.win32.x86_64_15.0.2.v20210201-0955/jre/bin;C:\Program Files\Common Files\Oracle\Java\javapath;C:\Program Files (x86)\Common Files\Oracle\Java\javapath;C:\Windows\system32;C:\Windows;C:\Windows\System32\Wbem;C:\Windows\System32\WindowsPowerShell\v1.0\;C:\Windows\System32\OpenSSH\;C:\Program Files\NVIDIA Corporation\NVIDIA NvDLISR;C:\Program Files (x86)\NVIDIA Corporation\PhysX\Common;D:\maven\apache-maven-3.6.3\bin;C:\Program Files\Git\cmd;C:\Program Files\Kubernetes\Minikube;C:\Program Files (x86)\nodejs\;C:\ProgramData\chocolatey\bin;C:\Program Files\Docker\Docker\resources\bin;C:\ProgramData\DockerDesktop\version-bin;C:\Program Files\Java\jdk-11.0.11\bin;C:\Program Files\Java\jdk-11.0.11\bin;C:\Users\Lordkikes\AppData\Local\Microsoft\WindowsApps;C:\Program Files\JetBrains\IntelliJ IDEA 2021.1.1\bin;;C:\Users\Lordkikes\AppData\Local\Programs\Microsoft VS Code\bin;C:\Users\Lordkikes\AppData\Local\GitHubDesktop\bin;C:\Users\Lordkikes\AppData\Roaming\npm;D:\sts-4.10.0.RELEASE;
USERNAME=Lordkikes
OS=Windows_NT
PROCESSOR_IDENTIFIER=Intel64 Family 6 Model 165 Stepping 2, GenuineIntel



---------------  S Y S T E M  ---------------

OS: Windows 10 , 64 bit Build 19041 (10.0.19041.928)

CPU:total 12 (initial active 12) (6 cores per cpu, 2 threads per core) family 6 model 165 stepping 2, cmov, cx8, fxsr, mmx, sse, sse2, sse3, ssse3, sse4.1, sse4.2, popcnt, avx, avx2, aes, clmul, erms, 3dnowpref, lzcnt, ht, tsc, tscinvbit, bmi1, bmi2, adx, fma

Memory: 4k page, system-wide physical 32578M (6342M free)
TotalPageFile size 32578M (AvailPageFile size 0M)
current process WorkingSet (physical memory assigned to process): 219M, peak: 219M
current process commit charge ("private bytes"): 442M, peak: 644M

vm_info: Java HotSpot(TM) 64-Bit Server VM (12.0.2+10) for windows-amd64 JRE (12.0.2+10), built on Jul 16 2019 01:56:17 by "mach5one" with MS VC++ 15.5 (VS2017)

END.
